# JRE version: OpenJDK Runtime Environment (26.0+35) (build 26+35-2893)
# Java VM: OpenJDK 64-Bit Server VM (26+35-2893, mixed mode, sharing, tiered, compressed oops, compressed class ptrs, g1 gc, windows-amd64)
GC Precious Log:
 CardTable entry size: 512
 Card Set container configuration: InlinePtr #cards 4 size 8 Array Of Cards #cards 32 size 80 Howl #buckets 8 coarsen threshold 7372 Howl Bitmap #cards 1024 size 144 coarsen threshold 921 Card regions per heap region 1 cards per card region 8192
 CPUs: 12 total, 12 available
 Memory: 32492M
 Large Page Support: Disabled
 NUMA Support: Disabled
 Compressed Oops: Enabled (Zero based)
 Heap Region Size: 4M
 Heap Min Capacity: 8M
 Heap Initial Capacity: 8M
 Heap Max Capacity: 8124M
 Pre-touch: Disabled
 Parallel Workers: 10
 Concurrent Workers: 3
 Concurrent Refinement Workers: 10
 Periodic GC: Disabled
Heap:
 garbage-first heap   total reserved 8318976K, committed 65536K, used 21112K [0x0000000604400000, 0x0000000800000000)
  region size 4M, 0 eden (0M), 1 survivor (4M), 5 old (20M), 0 humongous (0M), 10 free (40M)
GC Heap Usage History (20 events):
Event: 0.509 {heap After GC invocations=5 (full 0):
 garbage-first heap   total reserved 8318976K, committed 20480K, used 4137K [0x0000000604400000, 0x0000000800000000)
  region size 4M, 0 eden (0M), 1 survivor (4M), 1 old (4M), 0 humongous (0M), 3 free (12M)
}
Event: 0.564 {heap Before GC invocations=5 (full 0):
 garbage-first heap   total reserved 8318976K, committed 20480K, used 8233K [0x0000000604400000, 0x0000000800000000)
  region size 4M, 1 eden (4M), 1 survivor (4M), 1 old (4M), 0 humongous (0M), 2 free (8M)
}
Event: 0.567 {heap After GC invocations=6 (full 0):
 garbage-first heap   total reserved 8318976K, committed 28672K, used 4227K [0x0000000604400000, 0x0000000800000000)
  region size 4M, 0 eden (0M), 1 survivor (4M), 1 old (4M), 0 humongous (0M), 5 free (20M)
}
Event: 0.732 {heap Before GC invocations=6 (full 0):
 garbage-first heap   total reserved 8318976K, committed 28672K, used 16515K [0x0000000604400000, 0x0000000800000000)
  region size 4M, 3 eden (12M), 1 survivor (4M), 1 old (4M), 0 humongous (0M), 2 free (8M)
}
Event: 0.734 {heap After GC invocations=7 (full 0):
 garbage-first heap   total reserved 8318976K, committed 28672K, used 4849K [0x0000000604400000, 0x0000000800000000)
  region size 4M, 0 eden (0M), 1 survivor (4M), 1 old (4M), 0 humongous (0M), 5 free (20M)
}
Event: 0.912 {heap Before GC invocations=7 (full 0):
 garbage-first heap   total reserved 8318976K, committed 28672K, used 17137K [0x0000000604400000, 0x0000000800000000)
  region size 4M, 3 eden (12M), 1 survivor (4M), 1 old (4M), 0 humongous (0M), 2 free (8M)
}
Event: 0.915 {heap After GC invocations=8 (full 0):
 garbage-first heap   total reserved 8318976K, committed 28672K, used 5763K [0x0000000604400000, 0x0000000800000000)
  region size 4M, 0 eden (0M), 1 survivor (4M), 1 old (4M), 0 humongous (0M), 5 free (20M)
}
Event: 1.140 {heap Before GC invocations=8 (full 0):
 garbage-first heap   total reserved 8318976K, committed 28672K, used 18051K [0x0000000604400000, 0x0000000800000000)
  region size 4M, 3 eden (12M), 1 survivor (4M), 1 old (4M), 0 humongous (0M), 2 free (8M)
}
Event: 1.144 {heap After GC invocations=9 (full 0):
 garbage-first heap   total reserved 8318976K, committed 28672K, used 7128K [0x0000000604400000, 0x0000000800000000)
  region size 4M, 0 eden (0M), 1 survivor (4M), 1 old (4M), 0 humongous (0M), 5 free (20M)
}
Event: 1.390 {heap Before GC invocations=9 (full 0):
 garbage-first heap   total reserved 8318976K, committed 28672K, used 19416K [0x0000000604400000, 0x0000000800000000)
  region size 4M, 3 eden (12M), 1 survivor (4M), 1 old (4M), 0 humongous (0M), 2 free (8M)
}
Event: 1.395 {heap After GC invocations=10 (full 0):
 garbage-first heap   total reserved 8318976K, committed 28672K, used 8897K [0x0000000604400000, 0x0000000800000000)
  region size 4M, 0 eden (0M), 1 survivor (4M), 2 old (8M), 0 humongous (0M), 4 free (16M)
}
Event: 1.590 {heap Before GC invocations=10 (full 0):
 garbage-first heap   total reserved 8318976K, committed 28672K, used 21185K [0x0000000604400000, 0x0000000800000000)
  region size 4M, 3 eden (12M), 1 survivor (4M), 2 old (8M), 0 humongous (0M), 1 free (4M)
}
Event: 1.597 {heap After GC invocations=11 (full 0):
 garbage-first heap   total reserved 8318976K, committed 65536K, used 10906K [0x0000000604400000, 0x0000000800000000)
  region size 4M, 0 eden (0M), 1 survivor (4M), 2 old (8M), 0 humongous (0M), 13 free (52M)
}
Event: 1.998 {heap Before GC invocations=11 (full 0):
 garbage-first heap   total reserved 8318976K, committed 65536K, used 43674K [0x0000000604400000, 0x0000000800000000)
  region size 4M, 8 eden (32M), 1 survivor (4M), 2 old (8M), 0 humongous (0M), 5 free (20M)
}
Event: 2.005 {heap After GC invocations=12 (full 0):
 garbage-first heap   total reserved 8318976K, committed 65536K, used 13910K [0x0000000604400000, 0x0000000800000000)
  region size 4M, 0 eden (0M), 2 survivor (8M), 2 old (8M), 0 humongous (0M), 12 free (48M)
}
Event: 2.331 {heap Before GC invocations=12 (full 0):
 garbage-first heap   total reserved 8318976K, committed 65536K, used 42582K [0x0000000604400000, 0x0000000800000000)
  region size 4M, 7 eden (28M), 2 survivor (8M), 2 old (8M), 0 humongous (0M), 5 free (20M)
}
Event: 2.339 {heap After GC invocations=13 (full 0):
 garbage-first heap   total reserved 8318976K, committed 65536K, used 16636K [0x0000000604400000, 0x0000000800000000)
  region size 4M, 0 eden (0M), 2 survivor (8M), 3 old (12M), 0 humongous (0M), 11 free (44M)
}
Event: 2.628 {heap Before GC invocations=13 (full 0):
 garbage-first heap   total reserved 8318976K, committed 65536K, used 45308K [0x0000000604400000, 0x0000000800000000)
  region size 4M, 7 eden (28M), 2 survivor (8M), 3 old (12M), 0 humongous (0M), 4 free (16M)
}
Event: 2.634 {heap After GC invocations=14 (full 0):
 garbage-first heap   total reserved 8318976K, committed 65536K, used 19010K [0x0000000604400000, 0x0000000800000000)
  region size 4M, 0 eden (0M), 2 survivor (8M), 4 old (16M), 0 humongous (0M), 10 free (40M)
}
Event: 2.964 {heap Before GC invocations=14 (full 0):
 garbage-first heap   total reserved 8318976K, committed 65536K, used 47682K [0x0000000604400000, 0x0000000800000000)
  region size 4M, 7 eden (28M), 2 survivor (8M), 4 old (16M), 0 humongous (0M), 3 free (12M)
}

